<?xml version="1.0" encoding="UTF-8"?>
<testsuite xmlns:xsi="http://www.w3.org/2001/XMLSchema-instance" xsi:noNamespaceSchemaLocation="https://maven.apache.org/surefire/maven-surefire-plugin/xsd/surefire-test-report.xsd" version="3.0.2" name="org.seweb.reciperecommenderxmljava.RecipeRecommenderXmlJavaApplicationTests" time="3.624" tests="1" errors="0" skipped="0" failures="0" flakes="0">
  <properties>
[...]
</properties>
  <testcase name="contextLoads" classname="org.seweb.reciperecommenderxmljava.RecipeRecommenderXmlJavaApplicationTests" time="0.795">
    <system-out><![CDATA[20:04:59.883 [main] INFO org.springframework.test.context.support.AnnotationConfigContextLoaderUtils -- Could not detect default configuration classes for test class [org.seweb.reciperecommenderxmljava.RecipeRecommenderXmlJavaApplicationTests]: RecipeRecommenderXmlJavaApplicationTests does not declare any static, non-private, non-final, nested classes annotated with @Configuration.
20:05:00.028 [main] INFO org.springframework.boot.test.context.SpringBootTestContextBootstrapper -- Found @SpringBootConfiguration org.seweb.reciperecommenderxmljava.RecipeRecommenderXmlJavaApplication for test class org.seweb.reciperecommenderxmljava.RecipeRecommenderXmlJavaApplicationTests
20:05:00.130 [main] INFO org.springframework.test.context.support.AnnotationConfigContextLoaderUtils -- Could not detect default configuration classes for test class [org.seweb.reciperecommenderxmljava.RecipeRecommenderXmlJavaApplicationTests]: RecipeRecommenderXmlJavaApplicationTests does not declare any static, non-private, non-final, nested classes annotated with @Configuration.
20:05:00.132 [main] INFO org.springframework.boot.test.context.SpringBootTestContextBootstrapper -- Found @SpringBootConfiguration org.seweb.reciperecommenderxmljava.RecipeRecommenderXmlJavaApplication for test class org.seweb.reciperecommenderxmljava.RecipeRecommenderXmlJavaApplicationTests
20:05:00.266 [main] INFO org.springframework.boot.devtools.restart.RestartApplicationListener -- Restart disabled due to context in which it is running

  .   ____          _            __ _ _
 /\\ / ___'_ __ _ _(_)_ __  __ _ \ \ \ \
( ( )\___ | '_ | '_| | '_ \/ _` | \ \ \ \
 \\/  ___)| |_)| | | | | || (_| |  ) ) ) )
  '  |____| .__|_| |_|_| |_\__, | / / / /
 =========|_|==============|___/=/_/_/_/

 :: Spring Boot ::                (v4.0.5)

2026-04-20T20:05:00.744+03:00  INFO 40428 --- [recipe-recommender-xml-java] [           main] RecipeRecommenderXmlJavaApplicationTests : Starting RecipeRecommenderXmlJavaApplicationTests using Java 21.0.8 with PID 40428 (started by pasar in C:\Users\pasar\Desktop\Facultate\SeWeb\recipe-recommender-xml-java)
2026-04-20T20:05:00.747+03:00  INFO 40428 --- [recipe-recommender-xml-java] [           main] RecipeRecommenderXmlJavaApplicationTests : No active profile set, falling back to 1 default profile: "default"
2026-04-20T20:05:01.948+03:00  INFO 40428 --- [recipe-recommender-xml-java] [           main] o.s.b.w.a.WelcomePageHandlerMapping      : Adding welcome page template: index
2026-04-20T20:05:02.369+03:00  INFO 40428 --- [recipe-recommender-xml-java] [           main] RecipeRecommenderXmlJavaApplicationTests : Started RecipeRecommenderXmlJavaApplicationTests in 2.127 seconds (process running for 3.625)
]]></system-out>
    <system-err><![CDATA[Mockito is currently self-attaching to enable the inline-mock-maker. This will no longer work in future releases of the JDK. Please add Mockito as an agent to your build as described in Mockito's documentation: https://javadoc.io/doc/org.mockito/mockito-core/latest/org.mockito/org/mockito/Mockito.html#0.3
WARNING: A Java agent has been loaded dynamically (C:\Users\pasar\.m2\repository\net\bytebuddy\byte-buddy-agent\1.17.8\byte-buddy-agent-1.17.8.jar)
WARNING: If a serviceability tool is in use, please run with -XX:+EnableDynamicAgentLoading to hide this warning
WARNING: If a serviceability tool is not in use, please run with -Djdk.instrument.traceUsage for more information
WARNING: Dynamic loading of agents will be disallowed by default in a future release
]]></system-err>
  </testcase>
</testsuite>